
/home/runner/work/exp-7-segment-led-display-iitkgp/exp-7-segment-led-display-iitkgp/experiment/simulation/js/b.js
  0:0  error  Parsing error: Maximum call stack size exceeded

/home/runner/work/exp-7-segment-led-display-iitkgp/exp-7-segment-led-display-iitkgp/experiment/simulation/js/c.js
   16:6   warning  'image7' is assigned a value but never used                                                                            no-unused-vars
   79:12  warning  This branch can never execute. Its condition is a duplicate or covered by previous conditions in the if-else-if chain  no-dupe-else-if
   92:10  warning  'a1' is defined but never used                                                                                         no-unused-vars
   93:4   warning  Mixed spaces and tabs                                                                                                  no-mixed-spaces-and-tabs
   94:4   warning  Mixed spaces and tabs                                                                                                  no-mixed-spaces-and-tabs
   97:4   warning  Mixed spaces and tabs                                                                                                  no-mixed-spaces-and-tabs
  101:4   warning  Mixed spaces and tabs                                                                                                  no-mixed-spaces-and-tabs
  105:10  warning  'a2' is defined but never used                                                                                         no-unused-vars
  116:10  warning  'a3' is defined but never used                                                                                         no-unused-vars
  125:10  warning  'a4' is defined but never used                                                                                         no-unused-vars
  134:10  warning  'a5' is defined but never used                                                                                         no-unused-vars
  143:10  warning  'a6' is defined but never used                                                                                         no-unused-vars
  152:10  warning  'a7' is defined but never used                                                                                         no-unused-vars

/home/runner/work/exp-7-segment-led-display-iitkgp/exp-7-segment-led-display-iitkgp/experiment/simulation/js/jq.js
    1:1   warning  '$' is not defined                            no-undef
    3:2   warning  '$' is not defined                            no-undef
    5:13  warning  '$' is not defined                            no-undef
    6:7   warning  'srcOfa1' is assigned a value but never used  no-unused-vars
    6:17  warning  '$' is not defined                            no-undef
    7:17  warning  '$' is not defined                            no-undef
    8:12  warning  '$' is not defined                            no-undef
   28:5   warning  '$' is not defined                            no-undef
   29:5   warning  '$' is not defined                            no-undef
   33:5   warning  '$' is not defined                            no-undef
   43:4   warning  '$' is not defined                            no-undef
   45:4   warning  '$' is not defined                            no-undef
   52:4   warning  '$' is not defined                            no-undef
   53:15  warning  '$' is not defined                            no-undef
   55:24  warning  '$' is not defined                            no-undef
   57:5   warning  '$' is not defined                            no-undef
   64:2   warning  '$' is not defined                            no-undef
   66:13  warning  '$' is not defined                            no-undef
   67:17  warning  '$' is not defined                            no-undef
   68:12  warning  '$' is not defined                            no-undef
   74:5   warning  '$' is not defined                            no-undef
   75:5   warning  '$' is not defined                            no-undef
   79:5   warning  '$' is not defined                            no-undef
   88:4   warning  '$' is not defined                            no-undef
   90:4   warning  '$' is not defined                            no-undef
   99:4   warning  '$' is not defined                            no-undef
  100:15  warning  '$' is not defined                            no-undef
  102:24  warning  '$' is not defined                            no-undef
  104:5   warning  '$' is not defined                            no-undef
  111:2   warning  '$' is not defined                            no-undef
  113:13  warning  '$' is not defined                            no-undef
  114:17  warning  '$' is not defined                            no-undef
  115:12  warning  '$' is not defined                            no-undef
  121:5   warning  '$' is not defined                            no-undef
  122:5   warning  '$' is not defined                            no-undef
  126:5   warning  '$' is not defined                            no-undef
  135:4   warning  '$' is not defined                            no-undef
  137:4   warning  '$' is not defined                            no-undef
  143:4   warning  '$' is not defined                            no-undef
  144:15  warning  '$' is not defined                            no-undef
  146:24  warning  '$' is not defined                            no-undef
  148:5   warning  '$' is not defined                            no-undef
  159:34  warning  'gp3' is defined but never used               no-unused-vars
  162:16  warning  '$' is not defined                            no-undef
  163:16  warning  '$' is not defined                            no-undef
  166:4   warning  '$' is not defined                            no-undef
  167:15  warning  '$' is not defined                            no-undef
  169:27  warning  '$' is not defined                            no-undef
  172:4   warning  '$' is not defined                            no-undef
  176:3   warning  '$' is not defined                            no-undef
  177:14  warning  '$' is not defined                            no-undef
  179:26  warning  '$' is not defined                            no-undef
  182:3   warning  '$' is not defined                            no-undef
  193:5   warning  '$' is not defined                            no-undef
  193:49  warning  '$' is not defined                            no-undef
  193:93  warning  '$' is not defined                            no-undef
  194:3   warning  '$' is not defined                            no-undef
  195:14  warning  '$' is not defined                            no-undef
  197:22  warning  '$' is not defined                            no-undef
  201:3   warning  '$' is not defined                            no-undef
  202:14  warning  '$' is not defined                            no-undef
  204:22  warning  '$' is not defined                            no-undef
  208:3   warning  '$' is not defined                            no-undef
  209:14  warning  '$' is not defined                            no-undef
  211:22  warning  '$' is not defined                            no-undef
  216:4   warning  '$' is not defined                            no-undef
  219:4   warning  '$' is not defined                            no-undef
  222:4   warning  '$' is not defined                            no-undef
  225:4   warning  '$' is not defined                            no-undef

/home/runner/work/exp-7-segment-led-display-iitkgp/exp-7-segment-led-display-iitkgp/experiment/simulation/js/main.js
  2:11  warning  'showDiv' is defined but never used  no-unused-vars

✖ 84 problems (1 error, 83 warnings)

